2025-11-22 16:03:26 - app.main - INFO - Starting Air Pollution Forecasting API...
2025-11-22 16:03:26 - app.main - INFO - Loading models...
2025-11-22 16:03:26 - app.main - INFO - Pre-loading models (optional - will load on-demand if skipped)...
2025-11-22 16:03:32 - app.main - INFO - Loaded model for site 1
2025-11-22 16:03:32 - app.main - INFO - Loaded model for site 2
2025-11-22 16:03:32 - app.main - INFO - Loaded model for site 3
2025-11-22 16:03:32 - app.main - INFO - Loaded model for site 4
2025-11-22 16:03:32 - app.main - INFO - Loaded model for site 5
2025-11-22 16:03:32 - app.main - INFO - Loaded model for site 6
2025-11-22 16:03:32 - app.main - INFO - Loaded model for site 7
2025-11-22 16:03:32 - app.main - INFO - Loaded unified model
2025-11-22 16:03:32 - app.main - INFO - Successfully pre-loaded 8 model(s)
2025-11-22 16:03:59 - app.main - INFO - Shutting down Air Pollution Forecasting API...
2025-11-22 16:04:15 - app.main - INFO - Starting Air Pollution Forecasting API...
2025-11-22 16:04:15 - app.main - INFO - Loading models...
2025-11-22 16:04:15 - app.main - INFO - Pre-loading models (optional - will load on-demand if skipped)...
2025-11-22 16:04:16 - app.main - INFO - Loaded model for site 1
2025-11-22 16:04:16 - app.main - INFO - Loaded model for site 2
2025-11-22 16:04:16 - app.main - INFO - Loaded model for site 3
2025-11-22 16:04:16 - app.main - INFO - Loaded model for site 4
2025-11-22 16:04:16 - app.main - INFO - Loaded model for site 5
2025-11-22 16:04:16 - app.main - INFO - Loaded model for site 6
2025-11-22 16:04:16 - app.main - INFO - Loaded model for site 7
2025-11-22 16:04:16 - app.main - INFO - Loaded unified model
2025-11-22 16:04:16 - app.main - INFO - Successfully pre-loaded 8 model(s)
2025-11-22 16:04:48 - app.main - INFO - Shutting down Air Pollution Forecasting API...
2025-11-22 16:15:31 - app.main - INFO - Starting Air Pollution Forecasting API...
2025-11-22 16:15:31 - app.main - INFO - Loading models...
2025-11-22 16:15:31 - app.main - INFO - Pre-loading models (optional - will load on-demand if skipped)...
2025-11-22 16:15:32 - app.main - INFO - Loaded model for site 1
2025-11-22 16:15:32 - app.main - INFO - Loaded model for site 2
2025-11-22 16:15:32 - app.main - INFO - Loaded model for site 3
2025-11-22 16:15:32 - app.main - INFO - Loaded model for site 4
2025-11-22 16:15:32 - app.main - INFO - Loaded model for site 5
2025-11-22 16:15:32 - app.main - INFO - Loaded model for site 6
2025-11-22 16:15:32 - app.main - INFO - Loaded model for site 7
2025-11-22 16:15:32 - app.main - INFO - Loaded unified model
2025-11-22 16:15:32 - app.main - INFO - Successfully pre-loaded 8 model(s)
2025-11-22 16:37:24 - app.main - INFO - Shutting down Air Pollution Forecasting API...
2025-11-22 16:37:26 - app.main - INFO - Starting Air Pollution Forecasting API...
2025-11-22 16:37:26 - app.main - INFO - Loading models...
2025-11-22 16:37:26 - app.main - INFO - Pre-loading models (optional - will load on-demand if skipped)...
2025-11-22 16:37:26 - app.main - INFO - Loaded model for site 1
2025-11-22 16:37:26 - app.main - INFO - Loaded model for site 2
2025-11-22 16:37:26 - app.main - INFO - Loaded model for site 3
2025-11-22 16:37:26 - app.main - INFO - Loaded model for site 4
2025-11-22 16:37:26 - app.main - INFO - Loaded model for site 5
2025-11-22 16:37:26 - app.main - INFO - Loaded model for site 6
2025-11-22 16:37:26 - app.main - INFO - Loaded model for site 7
2025-11-22 16:37:26 - app.main - INFO - Loaded unified model
2025-11-22 16:37:26 - app.main - INFO - Successfully pre-loaded 8 model(s)
2025-11-22 16:37:27 - app.main - INFO - Starting Air Pollution Forecasting API...
2025-11-22 16:37:27 - app.main - INFO - Loading models...
2025-11-22 16:37:27 - app.main - INFO - Pre-loading models (optional - will load on-demand if skipped)...
2025-11-22 16:37:28 - app.main - INFO - Loaded model for site 1
2025-11-22 16:37:28 - app.main - INFO - Loaded model for site 2
2025-11-22 16:37:28 - app.main - INFO - Loaded model for site 3
2025-11-22 16:37:28 - app.main - INFO - Loaded model for site 4
2025-11-22 16:37:28 - app.main - INFO - Loaded model for site 5
2025-11-22 16:37:28 - app.main - INFO - Loaded model for site 6
2025-11-22 16:37:28 - app.main - INFO - Loaded model for site 7
2025-11-22 16:37:28 - app.main - INFO - Loaded unified model
2025-11-22 16:37:28 - app.main - INFO - Successfully pre-loaded 8 model(s)
2025-11-22 16:59:03 - app.main - INFO - Shutting down Air Pollution Forecasting API...
2025-11-23 04:55:55 - app.main - INFO - Starting Air Pollution Forecasting API...
2025-11-23 04:55:55 - app.main - INFO - Loading models...
2025-11-23 04:55:55 - app.main - INFO - Pre-loading models (optional - will load on-demand if skipped)...
2025-11-23 04:56:00 - app.main - INFO - Loaded model for site 1
2025-11-23 04:56:00 - app.main - INFO - Loaded model for site 2
2025-11-23 04:56:00 - app.main - INFO - Loaded model for site 3
2025-11-23 04:56:00 - app.main - INFO - Loaded model for site 4
2025-11-23 04:56:00 - app.main - INFO - Loaded model for site 5
2025-11-23 04:56:00 - app.main - INFO - Loaded model for site 6
2025-11-23 04:56:00 - app.main - INFO - Loaded model for site 7
2025-11-23 04:56:00 - app.main - INFO - Loaded unified model
2025-11-23 04:56:00 - app.main - INFO - Successfully pre-loaded 8 model(s)
2025-11-23 05:03:04 - app.main - INFO - Shutting down Air Pollution Forecasting API...
2025-11-23 05:03:06 - app.main - INFO - Starting Air Pollution Forecasting API...
2025-11-23 05:03:06 - app.main - INFO - Loading models...
2025-11-23 05:03:06 - app.main - INFO - Pre-loading models (optional - will load on-demand if skipped)...
2025-11-23 05:03:07 - app.main - INFO - Loaded model for site 1
2025-11-23 05:03:07 - app.main - INFO - Loaded model for site 2
2025-11-23 05:03:07 - app.main - INFO - Loaded model for site 3
2025-11-23 05:03:07 - app.main - INFO - Loaded model for site 4
2025-11-23 05:03:07 - app.main - INFO - Loaded model for site 5
2025-11-23 05:03:07 - app.main - INFO - Loaded model for site 6
2025-11-23 05:03:07 - app.main - INFO - Loaded model for site 7
2025-11-23 05:03:07 - app.main - INFO - Loaded unified model
2025-11-23 05:03:07 - app.main - INFO - Successfully pre-loaded 8 model(s)
2025-11-23 22:42:45 - app.main - INFO - Starting Air Pollution Forecasting API...
2025-11-23 22:42:45 - app.main - INFO - Loading models...
2025-11-23 22:42:45 - app.main - INFO - Pre-loading models (optional - will load on-demand if skipped)...
2025-11-23 22:42:51 - app.main - INFO - Loaded model for site 1
2025-11-23 22:42:51 - app.main - INFO - Loaded model for site 2
2025-11-23 22:42:51 - app.main - INFO - Loaded model for site 3
2025-11-23 22:42:51 - app.main - INFO - Loaded model for site 4
2025-11-23 22:42:51 - app.main - INFO - Loaded model for site 5
2025-11-23 22:42:51 - app.main - INFO - Loaded model for site 6
2025-11-23 22:42:51 - app.main - INFO - Loaded model for site 7
2025-11-23 22:42:51 - app.main - INFO - Loaded unified model
2025-11-23 22:42:51 - app.main - INFO - Successfully pre-loaded 8 model(s)
2025-11-24 23:26:22 - app.main - INFO - Starting Air Pollution Forecasting API...
2025-11-24 23:26:22 - app.main - INFO - Loading models...
2025-11-24 23:26:22 - app.main - INFO - Pre-loading models (optional - will load on-demand if skipped)...
2025-11-24 23:26:28 - app.main - INFO - Loaded model for site 1
2025-11-24 23:26:28 - app.main - INFO - Loaded model for site 2
2025-11-24 23:26:28 - app.main - INFO - Loaded model for site 3
2025-11-24 23:26:28 - app.main - INFO - Loaded model for site 4
2025-11-24 23:26:28 - app.main - INFO - Loaded model for site 5
2025-11-24 23:26:28 - app.main - INFO - Loaded model for site 6
2025-11-24 23:26:28 - app.main - INFO - Loaded model for site 7
2025-11-24 23:26:28 - app.main - INFO - Loaded unified model
2025-11-24 23:26:28 - app.main - INFO - Successfully pre-loaded 8 model(s)
2025-11-24 23:27:56 - app.main - INFO - Starting Air Pollution Forecasting API...
2025-11-24 23:27:56 - app.main - INFO - Loading models...
2025-11-24 23:27:56 - app.main - INFO - Pre-loading models (optional - will load on-demand if skipped)...
2025-11-24 23:27:57 - app.main - INFO - Loaded model for site 1
2025-11-24 23:27:57 - app.main - INFO - Loaded model for site 2
2025-11-24 23:27:57 - app.main - INFO - Loaded model for site 3
2025-11-24 23:27:57 - app.main - INFO - Loaded model for site 4
2025-11-24 23:27:57 - app.main - INFO - Loaded model for site 5
2025-11-24 23:27:57 - app.main - INFO - Loaded model for site 6
2025-11-24 23:27:57 - app.main - INFO - Loaded model for site 7
2025-11-24 23:27:57 - app.main - INFO - Loaded unified model
2025-11-24 23:27:57 - app.main - INFO - Successfully pre-loaded 8 model(s)
2025-11-24 23:30:33 - app.main - INFO - Shutting down Air Pollution Forecasting API...
2025-11-25 12:24:05 - app.main - INFO - Starting Air Pollution Forecasting API...
2025-11-25 12:24:05 - app.main - INFO - Loading models...
2025-11-25 12:24:05 - app.main - INFO - Pre-loading models (optional - will load on-demand if skipped)...
2025-11-25 12:24:12 - app.main - INFO - Loaded model for site 1
2025-11-25 12:24:12 - app.main - INFO - Loaded model for site 2
2025-11-25 12:24:12 - app.main - INFO - Loaded model for site 3
2025-11-25 12:24:12 - app.main - INFO - Loaded model for site 4
2025-11-25 12:24:12 - app.main - INFO - Loaded model for site 5
2025-11-25 12:24:12 - app.main - INFO - Loaded model for site 6
2025-11-25 12:24:12 - app.main - INFO - Loaded model for site 7
2025-11-25 12:24:12 - app.main - INFO - Loaded unified model
2025-11-25 12:24:12 - app.main - INFO - Successfully pre-loaded 8 model(s)
2025-11-25 13:40:49 - app.main - INFO - Starting Air Pollution Forecasting API...
2025-11-25 13:40:49 - app.main - INFO - Loading models...
2025-11-25 13:40:49 - app.main - INFO - Pre-loading models (optional - will load on-demand if skipped)...
2025-11-25 13:40:54 - app.main - INFO - Loaded model for site 1
2025-11-25 13:40:54 - app.main - INFO - Loaded model for site 2
2025-11-25 13:40:54 - app.main - INFO - Loaded model for site 3
2025-11-25 13:40:55 - app.main - INFO - Loaded model for site 4
2025-11-25 13:40:55 - app.main - INFO - Loaded model for site 5
2025-11-25 13:40:55 - app.main - INFO - Loaded model for site 6
2025-11-25 13:40:55 - app.main - INFO - Loaded model for site 7
2025-11-25 13:40:55 - app.main - INFO - Loaded unified model
2025-11-25 13:40:55 - app.main - INFO - Successfully pre-loaded 8 model(s)
2025-11-25 13:43:43 - app.main - INFO - Shutting down Air Pollution Forecasting API...
2025-11-25 13:43:44 - app.main - INFO - Starting Air Pollution Forecasting API...
2025-11-25 13:43:44 - app.main - INFO - Loading models...
2025-11-25 13:43:44 - app.main - INFO - Pre-loading models (optional - will load on-demand if skipped)...
2025-11-25 13:43:45 - app.main - INFO - Loaded model for site 1
2025-11-25 13:43:45 - app.main - INFO - Loaded model for site 2
2025-11-25 13:43:45 - app.main - INFO - Loaded model for site 3
2025-11-25 13:43:45 - app.main - INFO - Loaded model for site 4
2025-11-25 13:43:45 - app.main - INFO - Loaded model for site 5
2025-11-25 13:43:45 - app.main - INFO - Loaded model for site 6
2025-11-25 13:43:45 - app.main - INFO - Loaded model for site 7
2025-11-25 13:43:45 - app.main - INFO - Loaded unified model
2025-11-25 13:43:45 - app.main - INFO - Successfully pre-loaded 8 model(s)
2025-11-25 13:43:46 - app.main - INFO - Starting Air Pollution Forecasting API...
2025-11-25 13:43:46 - app.main - INFO - Loading models...
2025-11-25 13:43:46 - app.main - INFO - Pre-loading models (optional - will load on-demand if skipped)...
2025-11-25 13:43:47 - app.main - INFO - Loaded model for site 1
2025-11-25 13:43:47 - app.main - INFO - Loaded model for site 2
2025-11-25 13:43:47 - app.main - INFO - Loaded model for site 3
2025-11-25 13:43:47 - app.main - INFO - Loaded model for site 4
2025-11-25 13:43:47 - app.main - INFO - Loaded model for site 5
2025-11-25 13:43:47 - app.main - INFO - Loaded model for site 6
2025-11-25 13:43:47 - app.main - INFO - Loaded model for site 7
2025-11-25 13:43:47 - app.main - INFO - Loaded unified model
2025-11-25 13:43:47 - app.main - INFO - Successfully pre-loaded 8 model(s)
2025-11-25 13:48:28 - app.main - INFO - Shutting down Air Pollution Forecasting API...
2025-11-25 13:48:29 - app.main - INFO - Starting Air Pollution Forecasting API...
2025-11-25 13:48:29 - app.main - INFO - Loading models...
2025-11-25 13:48:29 - app.main - INFO - Pre-loading models (optional - will load on-demand if skipped)...
2025-11-25 13:48:30 - app.main - INFO - Loaded model for site 1
2025-11-25 13:48:30 - app.main - INFO - Loaded model for site 2
2025-11-25 13:48:30 - app.main - INFO - Loaded model for site 3
2025-11-25 13:48:30 - app.main - INFO - Loaded model for site 4
2025-11-25 13:48:30 - app.main - INFO - Loaded model for site 5
2025-11-25 13:48:30 - app.main - INFO - Loaded model for site 6
2025-11-25 13:48:30 - app.main - INFO - Loaded model for site 7
2025-11-25 13:48:30 - app.main - INFO - Loaded unified model
2025-11-25 13:48:30 - app.main - INFO - Successfully pre-loaded 8 model(s)
2025-11-25 13:48:31 - app.main - INFO - Starting Air Pollution Forecasting API...
2025-11-25 13:48:31 - app.main - INFO - Loading models...
2025-11-25 13:48:31 - app.main - INFO - Pre-loading models (optional - will load on-demand if skipped)...
2025-11-25 13:48:32 - app.main - INFO - Loaded model for site 1
2025-11-25 13:48:32 - app.main - INFO - Loaded model for site 2
2025-11-25 13:48:32 - app.main - INFO - Loaded model for site 3
2025-11-25 13:48:32 - app.main - INFO - Loaded model for site 4
2025-11-25 13:48:32 - app.main - INFO - Loaded model for site 5
2025-11-25 13:48:32 - app.main - INFO - Loaded model for site 6
2025-11-25 13:48:32 - app.main - INFO - Loaded model for site 7
2025-11-25 13:48:32 - app.main - INFO - Loaded unified model
2025-11-25 13:48:32 - app.main - INFO - Successfully pre-loaded 8 model(s)
2025-11-25 13:49:00 - app.main - INFO - Shutting down Air Pollution Forecasting API...
2025-11-25 13:49:07 - app.main - INFO - Starting Air Pollution Forecasting API...
2025-11-25 13:49:07 - app.main - INFO - Loading models...
2025-11-25 13:49:07 - app.main - INFO - Pre-loading models (optional - will load on-demand if skipped)...
2025-11-25 13:49:07 - app.main - INFO - Loaded model for site 1
2025-11-25 13:49:07 - app.main - INFO - Loaded model for site 2
2025-11-25 13:49:07 - app.main - INFO - Loaded model for site 3
2025-11-25 13:49:07 - app.main - INFO - Loaded model for site 4
2025-11-25 13:49:07 - app.main - INFO - Loaded model for site 5
2025-11-25 13:49:07 - app.main - INFO - Loaded model for site 6
2025-11-25 13:49:07 - app.main - INFO - Loaded model for site 7
2025-11-25 13:49:07 - app.main - INFO - Loaded unified model
2025-11-25 13:49:07 - app.main - INFO - Successfully pre-loaded 8 model(s)
2025-11-25 13:53:20 - app.main - INFO - Shutting down Air Pollution Forecasting API...
2025-11-25 14:07:23 - app.main - INFO - Starting Air Pollution Forecasting API...
2025-11-25 14:07:23 - app.main - INFO - Loading models...
2025-11-25 14:07:23 - app.main - INFO - Pre-loading models (optional - will load on-demand if skipped)...
2025-11-25 14:07:24 - app.main - INFO - Loaded model for site 1
2025-11-25 14:07:24 - app.main - INFO - Loaded model for site 2
2025-11-25 14:07:24 - app.main - INFO - Loaded model for site 3
2025-11-25 14:07:24 - app.main - INFO - Loaded model for site 4
2025-11-25 14:07:24 - app.main - INFO - Loaded model for site 5
2025-11-25 14:07:24 - app.main - INFO - Loaded model for site 6
2025-11-25 14:07:24 - app.main - INFO - Loaded model for site 7
2025-11-25 14:07:24 - app.main - INFO - Loaded unified model
2025-11-25 14:07:24 - app.main - INFO - Successfully pre-loaded 8 model(s)
2025-11-25 14:09:42 - app.main - INFO - Shutting down Air Pollution Forecasting API...
2025-11-25 15:06:57 - app.main - INFO - Starting Air Pollution Forecasting API...
2025-11-25 15:06:57 - app.main - INFO - Loading models...
2025-11-25 15:06:57 - app.main - INFO - Pre-loading models (optional - will load on-demand if skipped)...
2025-11-25 15:06:59 - app.main - INFO - Loaded model for site 1
2025-11-25 15:06:59 - app.main - INFO - Loaded model for site 2
2025-11-25 15:06:59 - app.main - INFO - Loaded model for site 3
2025-11-25 15:06:59 - app.main - INFO - Loaded model for site 4
2025-11-25 15:06:59 - app.main - INFO - Loaded model for site 5
2025-11-25 15:06:59 - app.main - INFO - Loaded model for site 6
2025-11-25 15:06:59 - app.main - INFO - Loaded model for site 7
2025-11-25 15:06:59 - app.main - INFO - Loaded unified model
2025-11-25 15:06:59 - app.main - INFO - Successfully pre-loaded 8 model(s)
2025-11-25 15:09:08 - app.main - INFO - Shutting down Air Pollution Forecasting API...
2025-11-25 15:15:52 - app.main - INFO - Starting Air Pollution Forecasting API...
2025-11-25 15:15:52 - app.main - INFO - Loading models...
2025-11-25 15:15:52 - app.main - INFO - Pre-loading models (optional - will load on-demand if skipped)...
2025-11-25 15:15:53 - app.main - INFO - Loaded model for site 1
2025-11-25 15:15:53 - app.main - INFO - Loaded model for site 2
2025-11-25 15:15:53 - app.main - INFO - Loaded model for site 3
2025-11-25 15:15:53 - app.main - INFO - Loaded model for site 4
2025-11-25 15:15:53 - app.main - INFO - Loaded model for site 5
2025-11-25 15:15:53 - app.main - INFO - Loaded model for site 6
2025-11-25 15:15:53 - app.main - INFO - Loaded model for site 7
2025-11-25 15:15:53 - app.main - INFO - Loaded unified model
2025-11-25 15:15:53 - app.main - INFO - Successfully pre-loaded 8 model(s)
2025-11-26 15:03:00 - app.main - INFO - Starting Air Pollution Forecasting API...
2025-11-26 15:03:00 - app.main - INFO - Loading models...
2025-11-26 15:03:00 - app.main - INFO - Pre-loading models (optional - will load on-demand if skipped)...
2025-11-26 15:03:05 - app.main - INFO - Loaded model for site 1
2025-11-26 15:03:05 - app.main - INFO - Loaded model for site 2
2025-11-26 15:03:05 - app.main - INFO - Loaded model for site 3
2025-11-26 15:03:05 - app.main - INFO - Loaded model for site 4
2025-11-26 15:03:05 - app.main - INFO - Loaded model for site 5
2025-11-26 15:03:05 - app.main - INFO - Loaded model for site 6
2025-11-26 15:03:05 - app.main - INFO - Loaded model for site 7
2025-11-26 15:03:05 - app.main - INFO - Loaded unified model
2025-11-26 15:03:05 - app.main - INFO - Successfully pre-loaded 8 model(s)
2025-11-26 15:29:44 - app.api.predict - WARNING - Site ID in request (1) differs from path (5), using path value
2025-11-26 17:46:00 - app.main - INFO - Shutting down Air Pollution Forecasting API...
2025-12-07 13:54:59 - app.main - INFO - Starting Air Pollution Forecasting API...
2025-12-07 13:54:59 - app.main - INFO - Loading models...
2025-12-07 13:54:59 - app.main - INFO - Pre-loading models (optional - will load on-demand if skipped)...
2025-12-07 13:55:05 - app.main - INFO - Loaded model for site 1
2025-12-07 13:55:05 - app.main - INFO - Loaded model for site 2
2025-12-07 13:55:05 - app.main - INFO - Loaded model for site 3
2025-12-07 13:55:05 - app.main - INFO - Loaded model for site 4
2025-12-07 13:55:05 - app.main - INFO - Loaded model for site 5
2025-12-07 13:55:05 - app.main - INFO - Loaded model for site 6
2025-12-07 13:55:05 - app.main - INFO - Loaded model for site 7
2025-12-07 13:55:05 - app.main - INFO - Loaded unified model
2025-12-07 13:55:05 - app.main - INFO - Successfully pre-loaded 8 model(s)
2025-12-08 00:10:04 - app.main - INFO - Starting Air Pollution Forecasting API...
2025-12-08 00:10:04 - app.main - INFO - Loading models...
2025-12-08 00:10:04 - app.main - INFO - Pre-loading models (optional - will load on-demand if skipped)...
2025-12-08 00:10:10 - app.main - INFO - Loaded model for site 1
2025-12-08 00:10:10 - app.main - INFO - Loaded model for site 2
2025-12-08 00:10:10 - app.main - INFO - Loaded model for site 3
2025-12-08 00:10:10 - app.main - INFO - Loaded model for site 4
2025-12-08 00:10:10 - app.main - INFO - Loaded model for site 5
2025-12-08 00:10:10 - app.main - INFO - Loaded model for site 6
2025-12-08 00:10:10 - app.main - INFO - Loaded model for site 7
2025-12-08 00:10:10 - app.main - INFO - Loaded unified model
2025-12-08 00:10:10 - app.main - INFO - Successfully pre-loaded 8 model(s)
2025-12-08 00:12:50 - app.main - INFO - Shutting down Air Pollution Forecasting API...
2025-12-08 00:18:48 - app.main - INFO - Starting Air Pollution Forecasting API...
2025-12-08 00:18:48 - app.main - INFO - Loading models...
2025-12-08 00:18:48 - app.main - INFO - Pre-loading models (optional - will load on-demand if skipped)...
2025-12-08 00:18:49 - app.main - INFO - Loaded model for site 1
2025-12-08 00:18:49 - app.main - INFO - Loaded model for site 2
2025-12-08 00:18:49 - app.main - INFO - Loaded model for site 3
2025-12-08 00:18:49 - app.main - INFO - Loaded model for site 4
2025-12-08 00:18:49 - app.main - INFO - Loaded model for site 5
2025-12-08 00:18:49 - app.main - INFO - Loaded model for site 6
2025-12-08 00:18:50 - app.main - INFO - Loaded model for site 7
2025-12-08 00:18:50 - app.main - INFO - Loaded unified model
2025-12-08 00:18:50 - app.main - INFO - Successfully pre-loaded 8 model(s)
2025-12-08 00:38:11 - app.main - INFO - Shutting down Air Pollution Forecasting API...
2025-12-08 00:51:38 - app.main - INFO - Starting Air Pollution Forecasting API...
2025-12-08 00:51:38 - app.main - INFO - Loading models...
2025-12-08 00:51:38 - app.main - INFO - Pre-loading models (optional - will load on-demand if skipped)...
2025-12-08 00:51:38 - app.main - WARNING - Could not pre-load model for site 1: No module named 'xgboost'. Will load on-demand.
2025-12-08 00:51:38 - app.main - WARNING - Could not pre-load model for site 2: No module named 'xgboost'. Will load on-demand.
2025-12-08 00:51:38 - app.main - WARNING - Could not pre-load model for site 3: No module named 'xgboost'. Will load on-demand.
2025-12-08 00:51:38 - app.main - WARNING - Could not pre-load model for site 4: No module named 'xgboost'. Will load on-demand.
2025-12-08 00:51:38 - app.main - WARNING - Could not pre-load model for site 5: No module named 'xgboost'. Will load on-demand.
2025-12-08 00:51:38 - app.main - WARNING - Could not pre-load model for site 6: No module named 'xgboost'. Will load on-demand.
2025-12-08 00:51:38 - app.main - WARNING - Could not pre-load model for site 7: No module named 'xgboost'. Will load on-demand.
2025-12-08 00:51:38 - app.main - WARNING - Could not pre-load unified model: No module named 'xgboost'. Will load on-demand.
2025-12-08 00:51:38 - app.main - INFO - Models will be loaded on-demand when first request is made
2025-12-08 00:58:42 - app.main - INFO - Shutting down Air Pollution Forecasting API...
